{
  "RSpec": {
    "coverage": {
      "/home/rafael/code/Rafael-os/challenges/pulsus-challenge/config/environment.rb": {
        "lines": [
          null,
          1,
          null,
          null,
          1
        ]
      },
      "/home/rafael/code/Rafael-os/challenges/pulsus-challenge/config/application.rb": {
        "lines": [
          1,
          null,
          1,
          null,
          null,
          null,
          1,
          null,
          1,
          1,
          null,
          1,
          null,
          null,
          null,
          null,
          null,
          null,
          null
        ]
      },
      "/home/rafael/code/Rafael-os/challenges/pulsus-challenge/config/boot.rb": {
        "lines": [
          1,
          null,
          1,
          1
        ]
      },
      "/home/rafael/code/Rafael-os/challenges/pulsus-challenge/config/environments/test.rb": {
        "lines": [
          null,
          null,
          null,
          null,
          null,
          1,
          null,
          null,
          1,
          1,
          null,
          null,
          null,
          null,
          1,
          null,
          null,
          1,
          1,
          null,
          null,
          null,
          null,
          1,
          1,
          1,
          null,
          null,
          1,
          null,
          null,
          1,
          null,
          null,
          1,
          null,
          1,
          null,
          null,
          null,
          null,
          1,
          null,
          null,
          1,
          null,
          null,
          null,
          null
        ]
      },
      "/home/rafael/code/Rafael-os/challenges/pulsus-challenge/config/initializers/application_controller_renderer.rb": {
        "lines": [
          null,
          null,
          null,
          null,
          null,
          null,
          null,
          null
        ]
      },
      "/home/rafael/code/Rafael-os/challenges/pulsus-challenge/config/initializers/assets.rb": {
        "lines": [
          null,
          null,
          null,
          1,
          null,
          null,
          null,
          null,
          1,
          null,
          null,
          null,
          null,
          null
        ]
      },
      "/home/rafael/code/Rafael-os/challenges/pulsus-challenge/config/initializers/backtrace_silencers.rb": {
        "lines": [
          null,
          null,
          null,
          null,
          null,
          null,
          null
        ]
      },
      "/home/rafael/code/Rafael-os/challenges/pulsus-challenge/config/initializers/content_security_policy.rb": {
        "lines": [
          null,
          null,
          null,
          null,
          null,
          null,
          null,
          null,
          null,
          null,
          null,
          null,
          null,
          null,
          null,
          null,
          null,
          null,
          null,
          null,
          null,
          null,
          null,
          null,
          null,
          null,
          null,
          null,
          null,
          null
        ]
      },
      "/home/rafael/code/Rafael-os/challenges/pulsus-challenge/config/initializers/cookies_serializer.rb": {
        "lines": [
          null,
          null,
          null,
          null,
          1
        ]
      },
      "/home/rafael/code/Rafael-os/challenges/pulsus-challenge/config/initializers/filter_parameter_logging.rb": {
        "lines": [
          null,
          null,
          null,
          1
        ]
      },
      "/home/rafael/code/Rafael-os/challenges/pulsus-challenge/config/initializers/inflections.rb": {
        "lines": [
          null,
          null,
          null,
          null,
          null,
          null,
          null,
          null,
          null,
          null,
          null,
          null,
          null,
          null,
          null,
          null
        ]
      },
      "/home/rafael/code/Rafael-os/challenges/pulsus-challenge/config/initializers/mime_types.rb": {
        "lines": [
          null,
          null,
          null,
          null
        ]
      },
      "/home/rafael/code/Rafael-os/challenges/pulsus-challenge/config/initializers/wrap_parameters.rb": {
        "lines": [
          null,
          null,
          null,
          null,
          null,
          null,
          1,
          2,
          null,
          null,
          null,
          null,
          null,
          null
        ]
      },
      "/home/rafael/code/Rafael-os/challenges/pulsus-challenge/config/routes.rb": {
        "lines": [
          1,
          1,
          null,
          null
        ]
      },
      "/home/rafael/code/Rafael-os/challenges/pulsus-challenge/app/helpers/application_helper.rb": {
        "lines": [
          1,
          null
        ]
      },
      "/home/rafael/code/Rafael-os/challenges/pulsus-challenge/app/helpers/planets_helper.rb": {
        "lines": [
          1,
          null
        ]
      },
      "/home/rafael/code/Rafael-os/challenges/pulsus-challenge/spec/models/person_spec.rb": {
        "lines": [
          1,
          null,
          1,
          1,
          null
        ]
      },
      "/home/rafael/code/Rafael-os/challenges/pulsus-challenge/app/models/person.rb": {
        "lines": [
          1,
          1,
          1,
          null,
          1,
          null,
          null,
          null,
          null,
          null,
          null,
          null,
          null,
          null,
          null,
          null,
          null,
          null,
          null,
          null,
          null,
          null,
          null,
          null,
          null,
          null,
          null,
          null,
          null,
          null,
          null,
          null,
          null,
          null,
          null,
          null,
          null,
          null,
          null,
          null,
          null
        ]
      },
      "/home/rafael/code/Rafael-os/challenges/pulsus-challenge/app/models/application_record.rb": {
        "lines": [
          1,
          1,
          null
        ]
      },
      "/home/rafael/code/Rafael-os/challenges/pulsus-challenge/spec/models/pilot_spec.rb": {
        "lines": [
          1,
          null,
          1,
          1,
          null
        ]
      },
      "/home/rafael/code/Rafael-os/challenges/pulsus-challenge/app/models/pilot.rb": {
        "lines": [
          1,
          1,
          1,
          null
        ]
      },
      "/home/rafael/code/Rafael-os/challenges/pulsus-challenge/spec/models/planet_spec.rb": {
        "lines": [
          1,
          null,
          1,
          1,
          null
        ]
      },
      "/home/rafael/code/Rafael-os/challenges/pulsus-challenge/app/models/planet.rb": {
        "lines": [
          1,
          1,
          null
        ]
      },
      "/home/rafael/code/Rafael-os/challenges/pulsus-challenge/spec/models/species_spec.rb": {
        "lines": [
          1,
          null,
          1,
          1,
          null
        ]
      },
      "/home/rafael/code/Rafael-os/challenges/pulsus-challenge/app/models/species.rb": {
        "lines": [
          1,
          1,
          null
        ]
      },
      "/home/rafael/code/Rafael-os/challenges/pulsus-challenge/spec/models/starship_spec.rb": {
        "lines": [
          1,
          null,
          1,
          1,
          null
        ]
      },
      "/home/rafael/code/Rafael-os/challenges/pulsus-challenge/app/models/starship.rb": {
        "lines": [
          1,
          1,
          null
        ]
      },
      "/home/rafael/code/Rafael-os/challenges/pulsus-challenge/spec/requests/planets_spec.rb": {
        "lines": [
          1,
          null,
          1,
          1,
          1,
          1,
          1,
          null,
          null,
          null,
          null
        ]
      },
      "/home/rafael/code/Rafael-os/challenges/pulsus-challenge/spec/views/planets/index.html.erb_spec.rb": {
        "lines": [
          1,
          null,
          1,
          1,
          null
        ]
      },
      "/home/rafael/code/Rafael-os/challenges/pulsus-challenge/app/controllers/application_controller.rb": {
        "lines": [
          1,
          null
        ]
      },
      "/home/rafael/code/Rafael-os/challenges/pulsus-challenge/app/controllers/planets_controller.rb": {
        "lines": [
          1,
          1,
          1,
          null,
          null
        ]
      }
    },
    "timestamp": 1618384044
  }
}
